<?xml version="1.0" encoding="UTF-8"?>
<!-- Generated by org.testng.reporters.JUnitReportReporter -->
<testsuite hostname="ganukay-7-int" name="com.pronto.licenseserver.test.execution.DailyUsageAPIValidationExecution" tests="6" failures="0" timestamp="19 Aug 2014 02:45:20 GMT" time="224.071" errors="0">
  <testcase name="dailyUsageAPIValidation" time="35.495" classname="com.pronto.licenseserver.test.execution.DailyUsageAPIValidationExecution"/>
  <testcase name="dailyUsageAPIValidation" time="35.853" classname="com.pronto.licenseserver.test.execution.DailyUsageAPIValidationExecution"/>
  <testcase name="dailyUsageAPIValidation" time="39.924" classname="com.pronto.licenseserver.test.execution.DailyUsageAPIValidationExecution"/>
  <testcase name="dailyUsageAPIValidation" time="36.491" classname="com.pronto.licenseserver.test.execution.DailyUsageAPIValidationExecution"/>
  <testcase name="dailyUsageAPIValidation" time="36.553" classname="com.pronto.licenseserver.test.execution.DailyUsageAPIValidationExecution"/>
  <testcase name="dailyUsageAPIValidation" time="39.755" classname="com.pronto.licenseserver.test.execution.DailyUsageAPIValidationExecution"/>
</testsuite> <!-- com.pronto.licenseserver.test.execution.DailyUsageAPIValidationExecution -->
