<?xml version="1.0" encoding="UTF-8"?>
<!-- Generated by org.testng.reporters.JUnitReportReporter -->
<testsuite hostname="ganukay-7-int" name="com.pronto.licenseserver.test.execution.DailyUsageValidationExecution" tests="3" failures="0" timestamp="15 Aug 2014 02:53:14 GMT" time="129.025" errors="0">
  <testcase name="dailyUsageValidation" time="43.204" classname="com.pronto.licenseserver.test.execution.DailyUsageValidationExecution"/>
  <testcase name="dailyUsageValidation" time="40.029" classname="com.pronto.licenseserver.test.execution.DailyUsageValidationExecution"/>
  <testcase name="dailyUsageValidation" time="45.792" classname="com.pronto.licenseserver.test.execution.DailyUsageValidationExecution"/>
</testsuite> <!-- com.pronto.licenseserver.test.execution.DailyUsageValidationExecution -->
