<?xml version="1.0" encoding="UTF-8"?>
<!-- Generated by org.testng.reporters.JUnitReportReporter -->
<testsuite hostname="ganukay-7-int" name="com.pronto.licenseserver.test.execution.APIUsageValidationExecution" tests="2" failures="0" timestamp="3 Sep 2014 05:19:17 GMT" time="94.078" errors="0">
  <testcase name="apiUsageValidation" time="49.044" classname="com.pronto.licenseserver.test.execution.APIUsageValidationExecution"/>
  <testcase name="apiUsageValidation" time="45.034" classname="com.pronto.licenseserver.test.execution.APIUsageValidationExecution"/>
</testsuite> <!-- com.pronto.licenseserver.test.execution.APIUsageValidationExecution -->
