<?xml version="1.0" encoding="UTF-8"?>
<!-- Generated by org.testng.reporters.JUnitReportReporter -->
<testsuite hostname="ganukay-7-int" name="com.pronto.licenseserver.test.execution.SearchPanelValidationExecution" tests="5" failures="0" timestamp="15 Aug 2014 04:54:17 GMT" time="194.666" errors="0">
  <testcase name="searchPanelValidation" time="40.535" classname="com.pronto.licenseserver.test.execution.SearchPanelValidationExecution"/>
  <testcase name="searchPanelValidation" time="38.844" classname="com.pronto.licenseserver.test.execution.SearchPanelValidationExecution"/>
  <testcase name="searchPanelValidation" time="41.470" classname="com.pronto.licenseserver.test.execution.SearchPanelValidationExecution"/>
  <testcase name="searchPanelValidation" time="38.978" classname="com.pronto.licenseserver.test.execution.SearchPanelValidationExecution"/>
  <testcase name="searchPanelValidation" time="34.839" classname="com.pronto.licenseserver.test.execution.SearchPanelValidationExecution"/>
</testsuite> <!-- com.pronto.licenseserver.test.execution.SearchPanelValidationExecution -->
