<?xml version="1.0" encoding="UTF-8"?>
<!-- Generated by org.testng.reporters.JUnitReportReporter -->
<testsuite hostname="LKSRIWL-6YDV662" name="com.pronto.licenseserver.test.execution.LoginExecution" tests="1" failures="0" timestamp="6 May 2017 10:10:58 GMT" time="22.217" errors="0">
  <testcase name="LoginExecute" time="22.217" classname="com.pronto.licenseserver.test.execution.LoginExecution"/>
</testsuite> <!-- com.pronto.licenseserver.test.execution.LoginExecution -->
