<?xml version="1.0" encoding="UTF-8"?>
<!-- Generated by org.testng.reporters.JUnitReportReporter -->
<testsuite hostname="ganukay-7-int" name="com.pronto.licenseserver.test.execution.UserUsageValidationExecution" tests="4" failures="0" timestamp="15 Aug 2014 05:05:19 GMT" time="150.868" errors="0">
  <testcase name="userUsageValidation" time="38.739" classname="com.pronto.licenseserver.test.execution.UserUsageValidationExecution"/>
  <testcase name="userUsageValidation" time="36.165" classname="com.pronto.licenseserver.test.execution.UserUsageValidationExecution"/>
  <testcase name="userUsageValidation" time="38.144" classname="com.pronto.licenseserver.test.execution.UserUsageValidationExecution"/>
  <testcase name="userUsageValidation" time="37.820" classname="com.pronto.licenseserver.test.execution.UserUsageValidationExecution"/>
</testsuite> <!-- com.pronto.licenseserver.test.execution.UserUsageValidationExecution -->
