<?xml version="1.0" encoding="UTF-8"?>
<!-- Generated by org.testng.reporters.JUnitReportReporter -->
<testsuite hostname="LKSRIWL-6YDV662" name="com.propertyfinder.test.execution.LoginExecution" tests="1" failures="0" timestamp="6 May 2017 10:30:30 GMT" time="18.630" errors="0">
  <testcase name="LoginExecute" time="18.630" classname="com.propertyfinder.test.execution.LoginExecution"/>
</testsuite> <!-- com.propertyfinder.test.execution.LoginExecution -->
