<?xml version="1.0" encoding="UTF-8"?>
<!-- Generated by org.testng.reporters.JUnitReportReporter -->
<testsuite hostname="ganukay-7-int" name="com.pronto.licenseserver.test.execution.UsageValidationExecution" tests="8" failures="0" timestamp="15 Aug 2014 06:09:59 GMT" time="361.494" errors="0">
  <testcase name="overallUsageValidation" time="42.677" classname="com.pronto.licenseserver.test.execution.UsageValidationExecution"/>
  <testcase name="overallUsageValidation" time="53.819" classname="com.pronto.licenseserver.test.execution.UsageValidationExecution"/>
  <testcase name="overallUsageValidation" time="45.620" classname="com.pronto.licenseserver.test.execution.UsageValidationExecution"/>
  <testcase name="overallUsageValidation" time="43.157" classname="com.pronto.licenseserver.test.execution.UsageValidationExecution"/>
  <testcase name="overallUsageValidation" time="36.490" classname="com.pronto.licenseserver.test.execution.UsageValidationExecution"/>
  <testcase name="overallUsageValidation" time="52.116" classname="com.pronto.licenseserver.test.execution.UsageValidationExecution"/>
  <testcase name="overallUsageValidation" time="47.299" classname="com.pronto.licenseserver.test.execution.UsageValidationExecution"/>
  <testcase name="overallUsageValidation" time="40.316" classname="com.pronto.licenseserver.test.execution.UsageValidationExecution"/>
</testsuite> <!-- com.pronto.licenseserver.test.execution.UsageValidationExecution -->
