<?xml version="1.0" encoding="UTF-8"?>
<!-- Generated by org.testng.reporters.JUnitReportReporter -->
<testsuite hostname="ganukay-7-int" name="com.pronto.licenseserver.test.execution.DailyUsageProductValidationExecution" tests="3" failures="0" timestamp="15 Aug 2014 02:47:20 GMT" time="137.535" errors="0">
  <testcase name="dailyUsageProductValidation" time="46.975" classname="com.pronto.licenseserver.test.execution.DailyUsageProductValidationExecution"/>
  <testcase name="dailyUsageProductValidation" time="44.212" classname="com.pronto.licenseserver.test.execution.DailyUsageProductValidationExecution"/>
  <testcase name="dailyUsageProductValidation" time="46.348" classname="com.pronto.licenseserver.test.execution.DailyUsageProductValidationExecution"/>
</testsuite> <!-- com.pronto.licenseserver.test.execution.DailyUsageProductValidationExecution -->
